app/build/intermediates/manifest_merge_blame_file/debug/processDebugMainManifest/manifest-merger-blame-debug-report.txt
1<?xml version="1.0" encoding="utf-8"?>
2<manifest xmlns:android="http://schemas.android.com/apk/res/android"
3    package="com.phantom.carnavrelay"
4    android:versionCode="1"
5    android:versionName="1.0" >
6
7    <uses-sdk
8        android:minSdkVersion="23"
9        android:targetSdkVersion="34" />
10
11    <!-- Network permissions -->
12    <uses-permission android:name="android.permission.INTERNET" />
12-->src\main\AndroidManifest.xml:5:5-67
12-->src\main\AndroidManifest.xml:5:22-64
13    <uses-permission android:name="android.permission.ACCESS_NETWORK_STATE" />
13-->src\main\AndroidManifest.xml:6:5-79
13-->src\main\AndroidManifest.xml:6:22-76
14    <uses-permission android:name="android.permission.ACCESS_WIFI_STATE" />
14-->src\main\AndroidManifest.xml:7:5-76
14-->src\main\AndroidManifest.xml:7:22-73
15
16    <!-- Camera for QR scanning -->
17    <uses-permission android:name="android.permission.CAMERA" />
17-->src\main\AndroidManifest.xml:10:5-65
17-->src\main\AndroidManifest.xml:10:22-62
18
19    <uses-feature
19-->src\main\AndroidManifest.xml:11:5-85
20        android:name="android.hardware.camera"
20-->src\main\AndroidManifest.xml:11:19-57
21        android:required="false" />
21-->src\main\AndroidManifest.xml:11:58-82
22
23    <!-- Bluetooth permissions (Android 12+) -->
24    <uses-permission android:name="android.permission.BLUETOOTH" />
24-->src\main\AndroidManifest.xml:14:5-68
24-->src\main\AndroidManifest.xml:14:22-65
25    <uses-permission android:name="android.permission.BLUETOOTH_ADMIN" />
25-->src\main\AndroidManifest.xml:15:5-74
25-->src\main\AndroidManifest.xml:15:22-71
26    <uses-permission android:name="android.permission.BLUETOOTH_CONNECT" />
26-->src\main\AndroidManifest.xml:16:5-76
26-->src\main\AndroidManifest.xml:16:22-73
27    <uses-permission
27-->src\main\AndroidManifest.xml:17:5-120
28        android:name="android.permission.BLUETOOTH_SCAN"
28-->src\main\AndroidManifest.xml:17:22-70
29        android:usesPermissionFlags="neverForLocation" />
29-->src\main\AndroidManifest.xml:17:71-117
30
31    <!-- Foreground service for HTTP server -->
32    <uses-permission android:name="android.permission.FOREGROUND_SERVICE" />
32-->src\main\AndroidManifest.xml:20:5-77
32-->src\main\AndroidManifest.xml:20:22-74
33    <uses-permission android:name="android.permission.FOREGROUND_SERVICE_DATA_SYNC" />
33-->src\main\AndroidManifest.xml:21:5-87
33-->src\main\AndroidManifest.xml:21:22-84
34
35    <!-- Notifications (Android 13+) -->
36    <uses-permission android:name="android.permission.POST_NOTIFICATIONS" />
36-->src\main\AndroidManifest.xml:24:5-77
36-->src\main\AndroidManifest.xml:24:22-74
37
38    <!-- Keep screen on for Display mode -->
39    <uses-permission android:name="android.permission.WAKE_LOCK" />
39-->src\main\AndroidManifest.xml:27:5-68
39-->src\main\AndroidManifest.xml:27:22-65
40
41    <!-- Battery optimization -->
42    <uses-permission android:name="android.permission.REQUEST_IGNORE_BATTERY_OPTIMIZATIONS" />
42-->src\main\AndroidManifest.xml:30:5-95
42-->src\main\AndroidManifest.xml:30:22-92
43
44    <permission
44-->[androidx.core:core:1.13.1] AndroidManifest.xml:22:5-24:47
45        android:name="com.phantom.carnavrelay.DYNAMIC_RECEIVER_NOT_EXPORTED_PERMISSION"
45-->[androidx.core:core:1.13.1] AndroidManifest.xml:23:9-81
46        android:protectionLevel="signature" />
46-->[androidx.core:core:1.13.1] AndroidManifest.xml:24:9-44
47
48    <uses-permission android:name="com.phantom.carnavrelay.DYNAMIC_RECEIVER_NOT_EXPORTED_PERMISSION" />
48-->[androidx.core:core:1.13.1] AndroidManifest.xml:26:5-97
48-->[androidx.core:core:1.13.1] AndroidManifest.xml:26:22-94
49
50    <uses-feature
50-->[com.journeyapps:zxing-android-embedded:4.3.0] AndroidManifest.xml:28:5-30:36
51        android:name="android.hardware.camera.front"
51-->[com.journeyapps:zxing-android-embedded:4.3.0] AndroidManifest.xml:29:9-53
52        android:required="false" /> <!-- TODO replace above two with next line after Android 4.2 -->
52-->[com.journeyapps:zxing-android-embedded:4.3.0] AndroidManifest.xml:30:9-33
53    <!-- <uses-feature android:name="android.hardware.camera.any"/> -->
54    <uses-feature
54-->[com.journeyapps:zxing-android-embedded:4.3.0] AndroidManifest.xml:33:5-35:36
55        android:name="android.hardware.camera.autofocus"
55-->[com.journeyapps:zxing-android-embedded:4.3.0] AndroidManifest.xml:34:9-57
56        android:required="false" />
56-->[com.journeyapps:zxing-android-embedded:4.3.0] AndroidManifest.xml:35:9-33
57    <uses-feature
57-->[com.journeyapps:zxing-android-embedded:4.3.0] AndroidManifest.xml:36:5-38:36
58        android:name="android.hardware.camera.flash"
58-->[com.journeyapps:zxing-android-embedded:4.3.0] AndroidManifest.xml:37:9-53
59        android:required="false" />
59-->[com.journeyapps:zxing-android-embedded:4.3.0] AndroidManifest.xml:38:9-33
60    <uses-feature
60-->[com.journeyapps:zxing-android-embedded:4.3.0] AndroidManifest.xml:39:5-41:36
61        android:name="android.hardware.screen.landscape"
61-->[com.journeyapps:zxing-android-embedded:4.3.0] AndroidManifest.xml:40:9-57
62        android:required="false" />
62-->[com.journeyapps:zxing-android-embedded:4.3.0] AndroidManifest.xml:41:9-33
63    <uses-feature
63-->[com.journeyapps:zxing-android-embedded:4.3.0] AndroidManifest.xml:42:5-44:36
64        android:name="android.hardware.wifi"
64-->[com.journeyapps:zxing-android-embedded:4.3.0] AndroidManifest.xml:43:9-45
65        android:required="false" />
65-->[com.journeyapps:zxing-android-embedded:4.3.0] AndroidManifest.xml:44:9-33
66
67    <application
67-->src\main\AndroidManifest.xml:32:5-157:19
68        android:name="com.phantom.carnavrelay.PhantomGoApplication"
68-->src\main\AndroidManifest.xml:33:9-45
69        android:allowBackup="true"
69-->src\main\AndroidManifest.xml:34:9-35
70        android:appComponentFactory="androidx.core.app.CoreComponentFactory"
70-->[androidx.core:core:1.13.1] AndroidManifest.xml:28:18-86
71        android:debuggable="true"
72        android:extractNativeLibs="false"
73        android:icon="@mipmap/ic_launcher"
73-->src\main\AndroidManifest.xml:35:9-43
74        android:label="@string/app_name"
74-->src\main\AndroidManifest.xml:37:9-41
75        android:roundIcon="@mipmap/ic_launcher_round"
75-->src\main\AndroidManifest.xml:36:9-54
76        android:supportsRtl="true"
76-->src\main\AndroidManifest.xml:38:9-35
77        android:theme="@style/Theme.CarNavRelay"
77-->src\main\AndroidManifest.xml:39:9-49
78        android:usesCleartextTraffic="true" >
78-->src\main\AndroidManifest.xml:40:9-44
79        <activity
79-->src\main\AndroidManifest.xml:42:9-49:20
80            android:name="com.phantom.carnavrelay.MainActivity"
80-->src\main\AndroidManifest.xml:43:13-41
81            android:exported="true" >
81-->src\main\AndroidManifest.xml:44:13-36
82            <intent-filter>
82-->src\main\AndroidManifest.xml:45:13-48:29
83                <action android:name="android.intent.action.MAIN" />
83-->src\main\AndroidManifest.xml:46:17-69
83-->src\main\AndroidManifest.xml:46:25-66
84
85                <category android:name="android.intent.category.LAUNCHER" />
85-->src\main\AndroidManifest.xml:47:17-77
85-->src\main\AndroidManifest.xml:47:27-74
86            </intent-filter>
87        </activity>
88        <activity
88-->src\main\AndroidManifest.xml:51:9-54:43
89            android:name="com.phantom.carnavrelay.DisplayActivity"
89-->src\main\AndroidManifest.xml:52:13-44
90            android:exported="true"
90-->src\main\AndroidManifest.xml:53:13-36
91            android:keepScreenOn="true" />
91-->src\main\AndroidManifest.xml:54:13-40
92        <activity
92-->src\main\AndroidManifest.xml:56:9-58:40
93            android:name="com.phantom.carnavrelay.PairScanActivity"
93-->src\main\AndroidManifest.xml:57:13-45
94            android:exported="false" />
94-->src\main\AndroidManifest.xml:58:13-37
95        <activity
95-->src\main\AndroidManifest.xml:60:9-63:58
96            android:name="com.phantom.carnavrelay.DiagnosticsActivity"
96-->src\main\AndroidManifest.xml:61:13-48
97            android:exported="false"
97-->src\main\AndroidManifest.xml:62:13-37
98            android:parentActivityName="com.phantom.carnavrelay.MainActivity" />
98-->src\main\AndroidManifest.xml:63:13-55
99        <activity
99-->src\main\AndroidManifest.xml:65:9-125:20
100            android:name="com.phantom.carnavrelay.RelayActivity"
100-->src\main\AndroidManifest.xml:66:13-42
101            android:exported="true"
101-->src\main\AndroidManifest.xml:67:13-36
102            android:launchMode="singleTask"
102-->src\main\AndroidManifest.xml:68:13-44
103            android:theme="@style/Theme.CarNavRelay.Translucent" >
103-->src\main\AndroidManifest.xml:69:13-65
104
105            <!-- geo:lat,lng หรือ geo:0,0?q= -->
106            <intent-filter>
106-->src\main\AndroidManifest.xml:72:13-77:29
107                <action android:name="android.intent.action.VIEW" />
107-->src\main\AndroidManifest.xml:73:17-69
107-->src\main\AndroidManifest.xml:73:25-66
108
109                <category android:name="android.intent.category.DEFAULT" />
109-->src\main\AndroidManifest.xml:74:17-76
109-->src\main\AndroidManifest.xml:74:27-73
110                <category android:name="android.intent.category.BROWSABLE" />
110-->src\main\AndroidManifest.xml:75:17-78
110-->src\main\AndroidManifest.xml:75:27-75
111
112                <data android:scheme="geo" />
112-->src\main\AndroidManifest.xml:76:17-46
112-->src\main\AndroidManifest.xml:76:23-43
113            </intent-filter>
114
115            <!-- google.navigation:q= -->
116            <intent-filter>
116-->src\main\AndroidManifest.xml:80:13-85:29
117                <action android:name="android.intent.action.VIEW" />
117-->src\main\AndroidManifest.xml:73:17-69
117-->src\main\AndroidManifest.xml:73:25-66
118
119                <category android:name="android.intent.category.DEFAULT" />
119-->src\main\AndroidManifest.xml:74:17-76
119-->src\main\AndroidManifest.xml:74:27-73
120                <category android:name="android.intent.category.BROWSABLE" />
120-->src\main\AndroidManifest.xml:75:17-78
120-->src\main\AndroidManifest.xml:75:27-75
121
122                <data android:scheme="google.navigation" />
122-->src\main\AndroidManifest.xml:76:17-46
122-->src\main\AndroidManifest.xml:76:23-43
123            </intent-filter>
124
125            <!-- https://www.google.com/maps... -->
126            <intent-filter>
126-->src\main\AndroidManifest.xml:88:13-93:29
127                <action android:name="android.intent.action.VIEW" />
127-->src\main\AndroidManifest.xml:73:17-69
127-->src\main\AndroidManifest.xml:73:25-66
128
129                <category android:name="android.intent.category.DEFAULT" />
129-->src\main\AndroidManifest.xml:74:17-76
129-->src\main\AndroidManifest.xml:74:27-73
130                <category android:name="android.intent.category.BROWSABLE" />
130-->src\main\AndroidManifest.xml:75:17-78
130-->src\main\AndroidManifest.xml:75:27-75
131
132                <data
132-->src\main\AndroidManifest.xml:76:17-46
133                    android:host="www.google.com"
133-->src\main\AndroidManifest.xml:92:46-75
134                    android:pathPrefix="/maps"
134-->src\main\AndroidManifest.xml:92:76-102
135                    android:scheme="https" />
135-->src\main\AndroidManifest.xml:76:23-43
136            </intent-filter>
137
138            <!-- https://maps.app.goo.gl/... -->
139            <intent-filter>
139-->src\main\AndroidManifest.xml:96:13-101:29
140                <action android:name="android.intent.action.VIEW" />
140-->src\main\AndroidManifest.xml:73:17-69
140-->src\main\AndroidManifest.xml:73:25-66
141
142                <category android:name="android.intent.category.DEFAULT" />
142-->src\main\AndroidManifest.xml:74:17-76
142-->src\main\AndroidManifest.xml:74:27-73
143                <category android:name="android.intent.category.BROWSABLE" />
143-->src\main\AndroidManifest.xml:75:17-78
143-->src\main\AndroidManifest.xml:75:27-75
144
145                <data
145-->src\main\AndroidManifest.xml:76:17-46
146                    android:host="maps.app.goo.gl"
146-->src\main\AndroidManifest.xml:92:46-75
147                    android:scheme="https" />
147-->src\main\AndroidManifest.xml:76:23-43
148            </intent-filter>
149
150            <!-- https://maps.google.com/... -->
151            <intent-filter>
151-->src\main\AndroidManifest.xml:104:13-109:29
152                <action android:name="android.intent.action.VIEW" />
152-->src\main\AndroidManifest.xml:73:17-69
152-->src\main\AndroidManifest.xml:73:25-66
153
154                <category android:name="android.intent.category.DEFAULT" />
154-->src\main\AndroidManifest.xml:74:17-76
154-->src\main\AndroidManifest.xml:74:27-73
155                <category android:name="android.intent.category.BROWSABLE" />
155-->src\main\AndroidManifest.xml:75:17-78
155-->src\main\AndroidManifest.xml:75:27-75
156
157                <data
157-->src\main\AndroidManifest.xml:76:17-46
158                    android:host="maps.google.com"
158-->src\main\AndroidManifest.xml:92:46-75
159                    android:scheme="https" />
159-->src\main\AndroidManifest.xml:76:23-43
160            </intent-filter>
161
162            <!-- ACTION_SEND for sharing text/plain (URLs) -->
163            <intent-filter>
163-->src\main\AndroidManifest.xml:112:13-116:29
164                <action android:name="android.intent.action.SEND" />
164-->src\main\AndroidManifest.xml:113:17-69
164-->src\main\AndroidManifest.xml:113:25-66
165
166                <category android:name="android.intent.category.DEFAULT" />
166-->src\main\AndroidManifest.xml:74:17-76
166-->src\main\AndroidManifest.xml:74:27-73
167
168                <data android:mimeType="text/plain" />
168-->src\main\AndroidManifest.xml:76:17-46
168-->src\main\AndroidManifest.xml:115:23-52
169            </intent-filter>
170
171            <!-- ACTION_PROCESS_TEXT for selected text processing -->
172            <intent-filter>
172-->src\main\AndroidManifest.xml:119:13-123:29
173                <action android:name="android.intent.action.PROCESS_TEXT" />
173-->src\main\AndroidManifest.xml:120:17-77
173-->src\main\AndroidManifest.xml:120:25-74
174
175                <category android:name="android.intent.category.DEFAULT" />
175-->src\main\AndroidManifest.xml:74:17-76
175-->src\main\AndroidManifest.xml:74:27-73
176
177                <data android:mimeType="text/plain" />
177-->src\main\AndroidManifest.xml:76:17-46
177-->src\main\AndroidManifest.xml:115:23-52
178            </intent-filter>
179        </activity>
180
181        <!-- HTTP Server Service for Display mode -->
182        <service
182-->src\main\AndroidManifest.xml:128:9-131:56
183            android:name="com.phantom.carnavrelay.DisplayServerService"
183-->src\main\AndroidManifest.xml:129:13-49
184            android:exported="false"
184-->src\main\AndroidManifest.xml:130:13-37
185            android:foregroundServiceType="dataSync" />
185-->src\main\AndroidManifest.xml:131:13-53
186
187        <!-- Navigation Capture Accessibility Service -->
188        <service
188-->src\main\AndroidManifest.xml:134:9-144:19
189            android:name="com.phantom.carnavrelay.access.NavCaptureAccessibilityService"
189-->src\main\AndroidManifest.xml:135:13-66
190            android:exported="false"
190-->src\main\AndroidManifest.xml:137:13-37
191            android:permission="android.permission.BIND_ACCESSIBILITY_SERVICE" >
191-->src\main\AndroidManifest.xml:136:13-79
192            <intent-filter>
192-->src\main\AndroidManifest.xml:138:13-140:29
193                <action android:name="android.accessibilityservice.AccessibilityService" />
193-->src\main\AndroidManifest.xml:139:17-92
193-->src\main\AndroidManifest.xml:139:25-89
194            </intent-filter>
195
196            <meta-data
196-->src\main\AndroidManifest.xml:141:13-143:76
197                android:name="android.accessibilityservice"
197-->src\main\AndroidManifest.xml:142:17-60
198                android:resource="@xml/nav_capture_accessibility_config" />
198-->src\main\AndroidManifest.xml:143:17-73
199        </service>
200
201        <!-- Receiver for opening Maps from notification -->
202        <receiver
202-->src\main\AndroidManifest.xml:147:9-149:40
203            android:name="com.phantom.carnavrelay.receiver.OpenMapsReceiver"
203-->src\main\AndroidManifest.xml:148:13-54
204            android:exported="false" />
204-->src\main\AndroidManifest.xml:149:13-37
205
206        <!-- Open Navigation Activity (for notification action) -->
207        <activity
207-->src\main\AndroidManifest.xml:152:9-155:68
208            android:name="com.phantom.carnavrelay.OpenNavigationActivity"
208-->src\main\AndroidManifest.xml:153:13-51
209            android:exported="false"
209-->src\main\AndroidManifest.xml:154:13-37
210            android:theme="@style/Theme.CarNavRelay.Translucent" />
210-->src\main\AndroidManifest.xml:155:13-65
211
212        <provider
212-->[androidx.emoji2:emoji2:1.3.0] AndroidManifest.xml:24:9-32:20
213            android:name="androidx.startup.InitializationProvider"
213-->[androidx.emoji2:emoji2:1.3.0] AndroidManifest.xml:25:13-67
214            android:authorities="com.phantom.carnavrelay.androidx-startup"
214-->[androidx.emoji2:emoji2:1.3.0] AndroidManifest.xml:26:13-68
215            android:exported="false" >
215-->[androidx.emoji2:emoji2:1.3.0] AndroidManifest.xml:27:13-37
216            <meta-data
216-->[androidx.emoji2:emoji2:1.3.0] AndroidManifest.xml:29:13-31:52
217                android:name="androidx.emoji2.text.EmojiCompatInitializer"
217-->[androidx.emoji2:emoji2:1.3.0] AndroidManifest.xml:30:17-75
218                android:value="androidx.startup" />
218-->[androidx.emoji2:emoji2:1.3.0] AndroidManifest.xml:31:17-49
219            <meta-data
219-->[androidx.lifecycle:lifecycle-process:2.6.2] AndroidManifest.xml:29:13-31:52
220                android:name="androidx.lifecycle.ProcessLifecycleInitializer"
220-->[androidx.lifecycle:lifecycle-process:2.6.2] AndroidManifest.xml:30:17-78
221                android:value="androidx.startup" />
221-->[androidx.lifecycle:lifecycle-process:2.6.2] AndroidManifest.xml:31:17-49
222            <meta-data
222-->[androidx.profileinstaller:profileinstaller:1.3.1] AndroidManifest.xml:29:13-31:52
223                android:name="androidx.profileinstaller.ProfileInstallerInitializer"
223-->[androidx.profileinstaller:profileinstaller:1.3.1] AndroidManifest.xml:30:17-85
224                android:value="androidx.startup" />
224-->[androidx.profileinstaller:profileinstaller:1.3.1] AndroidManifest.xml:31:17-49
225        </provider>
226
227        <receiver
227-->[androidx.profileinstaller:profileinstaller:1.3.1] AndroidManifest.xml:34:9-52:20
228            android:name="androidx.profileinstaller.ProfileInstallReceiver"
228-->[androidx.profileinstaller:profileinstaller:1.3.1] AndroidManifest.xml:35:13-76
229            android:directBootAware="false"
229-->[androidx.profileinstaller:profileinstaller:1.3.1] AndroidManifest.xml:36:13-44
230            android:enabled="true"
230-->[androidx.profileinstaller:profileinstaller:1.3.1] AndroidManifest.xml:37:13-35
231            android:exported="true"
231-->[androidx.profileinstaller:profileinstaller:1.3.1] AndroidManifest.xml:38:13-36
232            android:permission="android.permission.DUMP" >
232-->[androidx.profileinstaller:profileinstaller:1.3.1] AndroidManifest.xml:39:13-57
233            <intent-filter>
233-->[androidx.profileinstaller:profileinstaller:1.3.1] AndroidManifest.xml:40:13-42:29
234                <action android:name="androidx.profileinstaller.action.INSTALL_PROFILE" />
234-->[androidx.profileinstaller:profileinstaller:1.3.1] AndroidManifest.xml:41:17-91
234-->[androidx.profileinstaller:profileinstaller:1.3.1] AndroidManifest.xml:41:25-88
235            </intent-filter>
236            <intent-filter>
236-->[androidx.profileinstaller:profileinstaller:1.3.1] AndroidManifest.xml:43:13-45:29
237                <action android:name="androidx.profileinstaller.action.SKIP_FILE" />
237-->[androidx.profileinstaller:profileinstaller:1.3.1] AndroidManifest.xml:44:17-85
237-->[androidx.profileinstaller:profileinstaller:1.3.1] AndroidManifest.xml:44:25-82
238            </intent-filter>
239            <intent-filter>
239-->[androidx.profileinstaller:profileinstaller:1.3.1] AndroidManifest.xml:46:13-48:29
240                <action android:name="androidx.profileinstaller.action.SAVE_PROFILE" />
240-->[androidx.profileinstaller:profileinstaller:1.3.1] AndroidManifest.xml:47:17-88
240-->[androidx.profileinstaller:profileinstaller:1.3.1] AndroidManifest.xml:47:25-85
241            </intent-filter>
242            <intent-filter>
242-->[androidx.profileinstaller:profileinstaller:1.3.1] AndroidManifest.xml:49:13-51:29
243                <action android:name="androidx.profileinstaller.action.BENCHMARK_OPERATION" />
243-->[androidx.profileinstaller:profileinstaller:1.3.1] AndroidManifest.xml:50:17-95
243-->[androidx.profileinstaller:profileinstaller:1.3.1] AndroidManifest.xml:50:25-92
244            </intent-filter>
245        </receiver>
246
247        <activity
247-->[com.journeyapps:zxing-android-embedded:4.3.0] AndroidManifest.xml:47:9-53:63
248            android:name="com.journeyapps.barcodescanner.CaptureActivity"
248-->[com.journeyapps:zxing-android-embedded:4.3.0] AndroidManifest.xml:48:13-74
249            android:clearTaskOnLaunch="true"
249-->[com.journeyapps:zxing-android-embedded:4.3.0] AndroidManifest.xml:49:13-45
250            android:screenOrientation="sensorLandscape"
250-->[com.journeyapps:zxing-android-embedded:4.3.0] AndroidManifest.xml:50:13-56
251            android:stateNotNeeded="true"
251-->[com.journeyapps:zxing-android-embedded:4.3.0] AndroidManifest.xml:51:13-42
252            android:theme="@style/zxing_CaptureTheme"
252-->[com.journeyapps:zxing-android-embedded:4.3.0] AndroidManifest.xml:52:13-54
253            android:windowSoftInputMode="stateAlwaysHidden" />
253-->[com.journeyapps:zxing-android-embedded:4.3.0] AndroidManifest.xml:53:13-60
254    </application>
255
256</manifest>